[     656ms] [ERROR] Failed to load resource: the server responded with a status of 404 (File not found) @ https://showroom-zvmqb.apps.ocpvdev01.rhdp.net/zero-touch-config.yml:0
[    2197ms] [LOG] %c INFO color: #33f Resolving connection token (vscode-zvmqb.apps.ocpvdev01.rhdp.net)... @ https://vscode-zvmqb.apps.ocpvdev01.rhdp.net/stable-c5a2d06ad708842f9cef23313027aa611072bc8f/static/out/vs/code/browser/workbench/workbench.js:32
[    2198ms] [LOG] %c INFO color: #33f Resolved connection token (vscode-zvmqb.apps.ocpvdev01.rhdp.net) after 1 ms @ https://vscode-zvmqb.apps.ocpvdev01.rhdp.net/stable-c5a2d06ad708842f9cef23313027aa611072bc8f/static/out/vs/code/browser/workbench/workbench.js:32
[    2200ms] [LOG] %c INFO color: #33f Creating a socket (renderer-Management-4b2c7e58-e029-4b04-bbce-1b6290fa4a3e)... @ https://vscode-zvmqb.apps.ocpvdev01.rhdp.net/stable-c5a2d06ad708842f9cef23313027aa611072bc8f/static/out/vs/code/browser/workbench/workbench.js:32
[    2402ms] [LOG] %c INFO color: #33f Creating a socket (renderer-Management-4b2c7e58-e029-4b04-bbce-1b6290fa4a3e) was successful after 201 ms. @ https://vscode-zvmqb.apps.ocpvdev01.rhdp.net/stable-c5a2d06ad708842f9cef23313027aa611072bc8f/static/out/vs/code/browser/workbench/workbench.js:32
[    2447ms] [ERROR] Failed to load resource: the server responded with a status of 404 (Not Found) @ https://vscode-zvmqb.apps.ocpvdev01.rhdp.net/stable-c5a2d06ad708842f9cef23313027aa611072bc8f/static/node_modules/vsda/rust/web/vsda.js:0
[    2451ms] [ERROR] Failed to load resource: the server responded with a status of 404 (Not Found) @ https://vscode-zvmqb.apps.ocpvdev01.rhdp.net/stable-c5a2d06ad708842f9cef23313027aa611072bc8f/static/node_modules/vsda/rust/web/vsda_bg.wasm:0
[    2850ms] [LOG] %c INFO color: #33f ChatSessionStore: Migrating 0 chat sessions from storage service to file system @ https://vscode-zvmqb.apps.ocpvdev01.rhdp.net/stable-c5a2d06ad708842f9cef23313027aa611072bc8f/static/out/vs/code/browser/workbench/workbench.js:32
[    2866ms] [WARNING] The web worker extension host is started in a same-origin iframe! @ https://vscode-zvmqb.apps.ocpvdev01.rhdp.net/stable-c5a2d06ad708842f9cef23313027aa611072bc8f/static/out/vs/code/browser/workbench/workbench.js:3258
[    2867ms] [LOG] %c INFO color: #33f Updating additional builtin extensions cache @ https://vscode-zvmqb.apps.ocpvdev01.rhdp.net/stable-c5a2d06ad708842f9cef23313027aa611072bc8f/static/out/vs/code/browser/workbench/workbench.js:32
[    2868ms] [LOG] %c INFO color: #33f Creating a socket (renderer-ExtensionHost-dcc45d2d-90de-41ca-8365-c9366bfd37c6)... @ https://vscode-zvmqb.apps.ocpvdev01.rhdp.net/stable-c5a2d06ad708842f9cef23313027aa611072bc8f/static/out/vs/code/browser/workbench/workbench.js:32
[    2909ms] [LOG] %c INFO color: #33f [Service Worker] registered @ https://vscode-zvmqb.apps.ocpvdev01.rhdp.net/stable-c5a2d06ad708842f9cef23313027aa611072bc8f/static/out/vs/code/browser/workbench/workbench.js:32
[    3018ms] [LOG] %c INFO color: #33f Creating a socket (renderer-ExtensionHost-dcc45d2d-90de-41ca-8365-c9366bfd37c6) was successful after 151 ms. @ https://vscode-zvmqb.apps.ocpvdev01.rhdp.net/stable-c5a2d06ad708842f9cef23313027aa611072bc8f/static/out/vs/code/browser/workbench/workbench.js:32
[    3472ms] [WARNING] AI generated workspace trust dialog contents not available. @ https://vscode-zvmqb.apps.ocpvdev01.rhdp.net/stable-c5a2d06ad708842f9cef23313027aa611072bc8f/static/out/vs/code/browser/workbench/workbench.js:3232
[    3506ms] [LOG] Found unexpected service worker controller. Found: https://vscode-zvmqb.apps.ocpvdev01.rhdp.net/_static/out/browser/serviceWorker.js. Expected: service-worker.js?v=4&vscode-resource-base-authority=vscode-resource.vscode-cdn.net&id=c1ae35e5-9e2f-4afa-9a07-71cf578ae133&remoteAuthority=vscode-zvmqb.apps.ocpvdev01.rhdp.net. Waiting for controllerchange. @ https://vscode-zvmqb.apps.ocpvdev01.rhdp.net/stable-c5a2d06ad708842f9cef23313027aa611072bc8f/static/out/vs/workbench/contrib/webview/browser/pre/index.html?id=c1ae35e5-9e2f-4afa-9a07-71cf578ae133&origin=c1ae35e5-9e2f-4afa-9a07-71cf578ae133&swVersion=4&extensionId=&platform=browser&vscode-resource-base-authority=vscode-resource.vscode-cdn.net&parentOrigin=https%3A%2F%2Fvscode-zvmqb.apps.ocpvdev01.rhdp.net&remoteAuthority=vscode-zvmqb.apps.ocpvdev01.rhdp.net:280
[    5692ms] [LOG] %c INFO color: #33f Auto updating outdated extensions. redhat.ansible @ https://vscode-zvmqb.apps.ocpvdev01.rhdp.net/stable-c5a2d06ad708842f9cef23313027aa611072bc8f/static/out/vs/code/browser/workbench/workbench.js:32
[    6694ms] [LOG] %c INFO color: #33f Auto updating extension redhat.ansible @ https://vscode-zvmqb.apps.ocpvdev01.rhdp.net/stable-c5a2d06ad708842f9cef23313027aa611072bc8f/static/out/vs/code/browser/workbench/workbench.js:32
[    7228ms] [ERROR] %c  ERR color: #f33 Can't install 'ms-python.vscode-python-envs' extension because it is not compatible with the current version of code-server (version 1.99.3).: Incompatible: Can't install 'ms-python.vscode-python-envs' extension because it is not compatible with the current version of code-server (version 1.99.3).
    at Fc.Q (file:///usr/lib/code-server/lib/vscode/out/server-main.js:54:13590)
    at process.processTicksAndRejections (node:internal/process/task_queues:95:5)
    at async a (file:///usr/lib/code-server/lib/vscode/out/server-main.js:54:12265)
    at async Fc.P (file:///usr/lib/code-server/lib/vscode/out/server-main.js:54:12516)
    at async file:///usr/lib/code-server/lib/vscode/out/server-main.js:54:6631
    at async Promise.all (index 0)
    at async Fc.L (file:///usr/lib/code-server/lib/vscode/out/server-main.js:54:6418)
    at async Fc.installGalleryExtensions (file:///usr/lib/code-server/lib/vscode/out/server-main.js:54:3092)
    at async Fc.installFromGallery (file:///usr/lib/code-server/lib/vscode/out/server-main.js:54:2340) @ https://vscode-zvmqb.apps.ocpvdev01.rhdp.net/stable-c5a2d06ad708842f9cef23313027aa611072bc8f/static/out/vs/code/browser/workbench/workbench.js:32
[   34410ms] [WARNING] %c WARN color: #993 [redhat.ansible]: Cannot register 'redhat.telemetry.enabled'. This property is already registered. @ https://vscode-zvmqb.apps.ocpvdev01.rhdp.net/stable-c5a2d06ad708842f9cef23313027aa611072bc8f/static/out/vs/code/browser/workbench/workbench.js:32
[   35829ms] [WARNING] %c[Extension Host] %cGit installation not found. color: blue color:  @ https://vscode-zvmqb.apps.ocpvdev01.rhdp.net/stable-c5a2d06ad708842f9cef23313027aa611072bc8f/static/out/vs/code/browser/workbench/workbench.js:1252
[   37084ms] [LOG] %c[Extension Host] %cAdded a "Run Ansible Playbook" command... color: blue color:  @ https://vscode-zvmqb.apps.ocpvdev01.rhdp.net/stable-c5a2d06ad708842f9cef23313027aa611072bc8f/static/out/vs/code/browser/workbench/workbench.js:1252
[   37085ms] [LOG] %c[Extension Host] %cAdded a "Run with Ansible Navigator" command... color: blue color:  @ https://vscode-zvmqb.apps.ocpvdev01.rhdp.net/stable-c5a2d06ad708842f9cef23313027aa611072bc8f/static/out/vs/code/browser/workbench/workbench.js:1252
[   37085ms] [WARNING] %c WARN color: #993 Authentication provider auth-lightspeed was not declared in the Extension Manifest. @ https://vscode-zvmqb.apps.ocpvdev01.rhdp.net/stable-c5a2d06ad708842f9cef23313027aa611072bc8f/static/out/vs/code/browser/workbench/workbench.js:32
[   37086ms] [LOG] %c[Extension Host] %ctox ansible no active editor found color: blue color:  @ https://vscode-zvmqb.apps.ocpvdev01.rhdp.net/stable-c5a2d06ad708842f9cef23313027aa611072bc8f/static/out/vs/code/browser/workbench/workbench.js:1252
[   37087ms] [LOG] %c[Extension Host] %cWorkspace root directory: color: blue color:  /home/rhel/ansible-files @ https://vscode-zvmqb.apps.ocpvdev01.rhdp.net/stable-c5a2d06ad708842f9cef23313027aa611072bc8f/static/out/vs/code/browser/workbench/workbench.js:1252
