[       3ms] [LOG] %c INFO color: #33f [lifecycle] onBeforeUnload triggered and handled with veto support @ https://vscode-zvmqb.apps.ocpvdev01.rhdp.net/stable-c5a2d06ad708842f9cef23313027aa611072bc8f/static/out/vs/code/browser/workbench/workbench.js:32
[       4ms] [ERROR] %c  ERR color: #f33 [lifecycle] Long running operations during shutdown are unsupported in the web (id: join.disconnectRemote) @ https://vscode-zvmqb.apps.ocpvdev01.rhdp.net/stable-c5a2d06ad708842f9cef23313027aa611072bc8f/static/out/vs/code/browser/workbench/workbench.js:32
[       5ms] [ERROR] %c  ERR color: #f33 [lifecycle] Long running operations during shutdown are unsupported in the web (id: join.chatSessionStore) @ https://vscode-zvmqb.apps.ocpvdev01.rhdp.net/stable-c5a2d06ad708842f9cef23313027aa611072bc8f/static/out/vs/code/browser/workbench/workbench.js:32
[       5ms] [ERROR] %c  ERR color: #f33 [lifecycle] Long running operations during shutdown are unsupported in the web (id: join.chatEditingSession) @ https://vscode-zvmqb.apps.ocpvdev01.rhdp.net/stable-c5a2d06ad708842f9cef23313027aa611072bc8f/static/out/vs/code/browser/workbench/workbench.js:32
[     125ms] [ERROR] Failed to load resource: the server responded with a status of 404 (File not found) @ https://showroom-zvmqb.apps.ocpvdev01.rhdp.net/zero-touch-config.yml:0
[     510ms] [LOG] %c INFO color: #33f Resolving connection token (vscode-zvmqb.apps.ocpvdev01.rhdp.net)... @ https://vscode-zvmqb.apps.ocpvdev01.rhdp.net/stable-c5a2d06ad708842f9cef23313027aa611072bc8f/static/out/vs/code/browser/workbench/workbench.js:32
[     511ms] [LOG] %c INFO color: #33f Resolved connection token (vscode-zvmqb.apps.ocpvdev01.rhdp.net) after 1 ms @ https://vscode-zvmqb.apps.ocpvdev01.rhdp.net/stable-c5a2d06ad708842f9cef23313027aa611072bc8f/static/out/vs/code/browser/workbench/workbench.js:32
[     513ms] [LOG] %c INFO color: #33f Creating a socket (renderer-Management-28ddc325-702b-4022-91ff-018ed25139ed)... @ https://vscode-zvmqb.apps.ocpvdev01.rhdp.net/stable-c5a2d06ad708842f9cef23313027aa611072bc8f/static/out/vs/code/browser/workbench/workbench.js:32
[     635ms] [LOG] %c INFO color: #33f Creating a socket (renderer-Management-28ddc325-702b-4022-91ff-018ed25139ed) was successful after 122 ms. @ https://vscode-zvmqb.apps.ocpvdev01.rhdp.net/stable-c5a2d06ad708842f9cef23313027aa611072bc8f/static/out/vs/code/browser/workbench/workbench.js:32
[     681ms] [ERROR] Failed to load resource: the server responded with a status of 404 (Not Found) @ https://vscode-zvmqb.apps.ocpvdev01.rhdp.net/stable-c5a2d06ad708842f9cef23313027aa611072bc8f/static/node_modules/vsda/rust/web/vsda_bg.wasm:0
[     682ms] [ERROR] Failed to load resource: the server responded with a status of 404 (Not Found) @ https://vscode-zvmqb.apps.ocpvdev01.rhdp.net/stable-c5a2d06ad708842f9cef23313027aa611072bc8f/static/node_modules/vsda/rust/web/vsda.js:0
[    1090ms] [WARNING] The web worker extension host is started in a same-origin iframe! @ https://vscode-zvmqb.apps.ocpvdev01.rhdp.net/stable-c5a2d06ad708842f9cef23313027aa611072bc8f/static/out/vs/code/browser/workbench/workbench.js:3258
[    1092ms] [LOG] %c INFO color: #33f Creating a socket (renderer-ExtensionHost-930b4d16-331f-4f23-8cff-37c8f2c4e20e)... @ https://vscode-zvmqb.apps.ocpvdev01.rhdp.net/stable-c5a2d06ad708842f9cef23313027aa611072bc8f/static/out/vs/code/browser/workbench/workbench.js:32
[    1104ms] [LOG] %c INFO color: #33f [Service Worker] registered @ https://vscode-zvmqb.apps.ocpvdev01.rhdp.net/stable-c5a2d06ad708842f9cef23313027aa611072bc8f/static/out/vs/code/browser/workbench/workbench.js:32
[    1251ms] [LOG] %c INFO color: #33f Creating a socket (renderer-ExtensionHost-930b4d16-331f-4f23-8cff-37c8f2c4e20e) was successful after 158 ms. @ https://vscode-zvmqb.apps.ocpvdev01.rhdp.net/stable-c5a2d06ad708842f9cef23313027aa611072bc8f/static/out/vs/code/browser/workbench/workbench.js:32
[    1296ms] [LOG] Found unexpected service worker controller. Found: https://vscode-zvmqb.apps.ocpvdev01.rhdp.net/stable-c5a2d06ad708842f9cef23313027aa611072bc8f/static/out/vs/workbench/contrib/webview/browser/pre/service-worker.js?v=4&vscode-resource-base-authority=vscode-resource.vscode-cdn.net&id=a2eb0720-ce4d-468a-ae95-17118debd05d&remoteAuthority=vscode-zvmqb.apps.ocpvdev01.rhdp.net. Expected: service-worker.js?v=4&vscode-resource-base-authority=vscode-resource.vscode-cdn.net&id=7c26010c-d5f3-427e-ac95-cd3ca2e43772&remoteAuthority=vscode-zvmqb.apps.ocpvdev01.rhdp.net. Waiting for controllerchange. @ https://vscode-zvmqb.apps.ocpvdev01.rhdp.net/stable-c5a2d06ad708842f9cef23313027aa611072bc8f/static/out/vs/workbench/contrib/webview/browser/pre/index.html?id=7c26010c-d5f3-427e-ac95-cd3ca2e43772&origin=7c26010c-d5f3-427e-ac95-cd3ca2e43772&swVersion=4&extensionId=&platform=browser&vscode-resource-base-authority=vscode-resource.vscode-cdn.net&parentOrigin=https%3A%2F%2Fvscode-zvmqb.apps.ocpvdev01.rhdp.net&remoteAuthority=vscode-zvmqb.apps.ocpvdev01.rhdp.net:280
[    2123ms] [WARNING] %c WARN color: #993 [redhat.vscode-yaml]: Cannot register 'redhat.telemetry.enabled'. This property is already registered. @ https://vscode-zvmqb.apps.ocpvdev01.rhdp.net/stable-c5a2d06ad708842f9cef23313027aa611072bc8f/static/out/vs/code/browser/workbench/workbench.js:32
[    2774ms] [WARNING] %c[Extension Host] %cGit installation not found. color: blue color:  @ https://vscode-zvmqb.apps.ocpvdev01.rhdp.net/stable-c5a2d06ad708842f9cef23313027aa611072bc8f/static/out/vs/code/browser/workbench/workbench.js:1252
[    3692ms] [LOG] %c INFO color: #33f Auto updating outdated extensions. redhat.ansible @ https://vscode-zvmqb.apps.ocpvdev01.rhdp.net/stable-c5a2d06ad708842f9cef23313027aa611072bc8f/static/out/vs/code/browser/workbench/workbench.js:32
[    3947ms] [LOG] %c INFO color: #33f Updating additional builtin extensions cache @ https://vscode-zvmqb.apps.ocpvdev01.rhdp.net/stable-c5a2d06ad708842f9cef23313027aa611072bc8f/static/out/vs/code/browser/workbench/workbench.js:32
[    4695ms] [LOG] %c INFO color: #33f Auto updating extension redhat.ansible @ https://vscode-zvmqb.apps.ocpvdev01.rhdp.net/stable-c5a2d06ad708842f9cef23313027aa611072bc8f/static/out/vs/code/browser/workbench/workbench.js:32
[    5203ms] [ERROR] %c  ERR color: #f33 Can't install 'ms-python.vscode-python-envs' extension because it is not compatible with the current version of code-server (version 1.99.3).: Incompatible: Can't install 'ms-python.vscode-python-envs' extension because it is not compatible with the current version of code-server (version 1.99.3).
    at Fc.Q (file:///usr/lib/code-server/lib/vscode/out/server-main.js:54:13590)
    at process.processTicksAndRejections (node:internal/process/task_queues:95:5)
    at async a (file:///usr/lib/code-server/lib/vscode/out/server-main.js:54:12265)
    at async Fc.P (file:///usr/lib/code-server/lib/vscode/out/server-main.js:54:12516)
    at async file:///usr/lib/code-server/lib/vscode/out/server-main.js:54:6631
    at async Promise.all (index 0)
    at async Fc.L (file:///usr/lib/code-server/lib/vscode/out/server-main.js:54:6418)
    at async Fc.installGalleryExtensions (file:///usr/lib/code-server/lib/vscode/out/server-main.js:54:3092)
    at async Fc.installFromGallery (file:///usr/lib/code-server/lib/vscode/out/server-main.js:54:2340) @ https://vscode-zvmqb.apps.ocpvdev01.rhdp.net/stable-c5a2d06ad708842f9cef23313027aa611072bc8f/static/out/vs/code/browser/workbench/workbench.js:32
[   11724ms] [LOG] Found unexpected service worker controller. Found: https://vscode-zvmqb.apps.ocpvdev01.rhdp.net/stable-c5a2d06ad708842f9cef23313027aa611072bc8f/static/out/vs/workbench/contrib/webview/browser/pre/service-worker.js?v=4&vscode-resource-base-authority=vscode-resource.vscode-cdn.net&id=7c26010c-d5f3-427e-ac95-cd3ca2e43772&remoteAuthority=vscode-zvmqb.apps.ocpvdev01.rhdp.net. Expected: service-worker.js?v=4&vscode-resource-base-authority=vscode-resource.vscode-cdn.net&id=8af1685f-8acc-4322-a843-ec61b214a7dc&remoteAuthority=vscode-zvmqb.apps.ocpvdev01.rhdp.net. Waiting for controllerchange. @ https://vscode-zvmqb.apps.ocpvdev01.rhdp.net/stable-c5a2d06ad708842f9cef23313027aa611072bc8f/static/out/vs/workbench/contrib/webview/browser/pre/index.html?id=8af1685f-8acc-4322-a843-ec61b214a7dc&origin=8af1685f-8acc-4322-a843-ec61b214a7dc&swVersion=4&extensionId=&platform=browser&vscode-resource-base-authority=vscode-resource.vscode-cdn.net&parentOrigin=https%3A%2F%2Fvscode-zvmqb.apps.ocpvdev01.rhdp.net&remoteAuthority=vscode-zvmqb.apps.ocpvdev01.rhdp.net:280
[  283612ms] [LOG] %c INFO color: #33f [lifecycle] onBeforeUnload triggered and handled with veto support @ https://vscode-zvmqb.apps.ocpvdev01.rhdp.net/stable-c5a2d06ad708842f9cef23313027aa611072bc8f/static/out/vs/code/browser/workbench/workbench.js:32
[  283614ms] [ERROR] %c  ERR color: #f33 [lifecycle] Long running operations during shutdown are unsupported in the web (id: join.disconnectRemote) @ https://vscode-zvmqb.apps.ocpvdev01.rhdp.net/stable-c5a2d06ad708842f9cef23313027aa611072bc8f/static/out/vs/code/browser/workbench/workbench.js:32
[  283615ms] [ERROR] %c  ERR color: #f33 [lifecycle] Long running operations during shutdown are unsupported in the web (id: join.chatSessionStore) @ https://vscode-zvmqb.apps.ocpvdev01.rhdp.net/stable-c5a2d06ad708842f9cef23313027aa611072bc8f/static/out/vs/code/browser/workbench/workbench.js:32
[  283615ms] [ERROR] %c  ERR color: #f33 [lifecycle] Long running operations during shutdown are unsupported in the web (id: join.chatEditingSession) @ https://vscode-zvmqb.apps.ocpvdev01.rhdp.net/stable-c5a2d06ad708842f9cef23313027aa611072bc8f/static/out/vs/code/browser/workbench/workbench.js:32
[  285147ms] [ERROR] Blocked attempt to show multiple 'beforeunload' confirmation panels for a single navigation. @ https://showroom-zvmqb.apps.ocpvdev01.rhdp.net/wetty_node1:0
[  285147ms] [ERROR] Blocked attempt to show multiple 'beforeunload' confirmation panels for a single navigation. @ https://showroom-zvmqb.apps.ocpvdev01.rhdp.net/wetty_node2:0
[  285147ms] [ERROR] Blocked attempt to show multiple 'beforeunload' confirmation panels for a single navigation. @ https://showroom-zvmqb.apps.ocpvdev01.rhdp.net/wetty_node3:0
[  285156ms] [ERROR] %c  ERR color: #f33 Unable to write file 'vscode-log:/20260616T133541/window.log' (Error: IndexedDB database 'vscode-web-db' is closed.): Error: Unable to write file 'vscode-log:/20260616T133541/window.log' (Error: IndexedDB database 'vscode-web-db' is closed.)
    at zut.writeFile (https://vscode-zvmqb.apps.ocpvdev01.rhdp.net/stable-c5a2d06ad708842f9cef23313027aa611072bc8f/static/out/vs/code/browser/workbench/workbench.js:3254:98488)
    at async Rft.flush (https://vscode-zvmqb.apps.ocpvdev01.rhdp.net/stable-c5a2d06ad708842f9cef23313027aa611072bc8f/static/out/vs/code/browser/workbench/workbench.js:3257:86338) @ https://vscode-zvmqb.apps.ocpvdev01.rhdp.net/stable-c5a2d06ad708842f9cef23313027aa611072bc8f/static/out/vs/code/browser/workbench/workbench.js:32
